<?xml version="1.0" encoding="UTF-8"?>
<testsuite xmlns:xsi="http://www.w3.org/2001/XMLSchema-instance" xsi:noNamespaceSchemaLocation="https://maven.apache.org/surefire/maven-surefire-plugin/xsd/surefire-test-report.xsd" name="pe.com.ideasystem.topologyinventory.domain.DomainTest" time="0.02" tests="12" errors="0" skipped="0" failures="0">
  <properties>
[...]
</properties>
  <testcase name="addSwitchToEdgeRouter_failBecauseEquipmentOfDifferentCountries" classname="pe.com.ideasystem.topologyinventory.domain.DomainTest" time="0.01"/>
  <testcase name="removeNetwork" classname="pe.com.ideasystem.topologyinventory.domain.DomainTest" time="0"/>
  <testcase name="removeRouter" classname="pe.com.ideasystem.topologyinventory.domain.DomainTest" time="0.001"/>
  <testcase name="removeSwitch" classname="pe.com.ideasystem.topologyinventory.domain.DomainTest" time="0.001"/>
  <testcase name="addNetworkToSwitch_failBecauseSameNetworkAddress" classname="pe.com.ideasystem.topologyinventory.domain.DomainTest" time="0.003"/>
  <testcase name="addCoreToCoreRouter" classname="pe.com.ideasystem.topologyinventory.domain.DomainTest" time="0"/>
  <testcase name="addEdgeToCoreRouter" classname="pe.com.ideasystem.topologyinventory.domain.DomainTest" time="0.001"/>
  <testcase name="addNetworkToSwitch" classname="pe.com.ideasystem.topologyinventory.domain.DomainTest" time="0"/>
  <testcase name="addEdgeToCoreRouter_failBecauseRoutersOfDifferentCountries" classname="pe.com.ideasystem.topologyinventory.domain.DomainTest" time="0"/>
  <testcase name="addSwitchToEdgeRouter" classname="pe.com.ideasystem.topologyinventory.domain.DomainTest" time="0.001"/>
  <testcase name="addCoreToCoreRouter_failBecauseRoutersOfSameIp" classname="pe.com.ideasystem.topologyinventory.domain.DomainTest" time="0"/>
  <testcase name="filterRouterByType" classname="pe.com.ideasystem.topologyinventory.domain.DomainTest" time="0.001"/>
</testsuite>